# JRE version: OpenJDK Runtime Environment (17.0.9) (build 17.0.9+0--11185874)
# Java VM: OpenJDK 64-Bit Server VM (17.0.9+0--11185874, mixed mode, tiered, compressed oops, compressed class ptrs, g1 gc, windows-amd64)
GC Precious Log:
 CPUs: 12 total, 12 available
 Memory: 15182M
 Large Page Support: Disabled
 NUMA Support: Disabled
 Compressed Oops: Enabled (Zero based)
 Heap Region Size: 2M
 Heap Min Capacity: 8M
 Heap Initial Capacity: 238M
 Heap Max Capacity: 4G
 Pre-touch: Disabled
 Parallel Workers: 10
 Concurrent Workers: 3
 Concurrent Refinement Workers: 10
 Periodic GC: Disabled
Heap:
 garbage-first heap   total 319488K, used 168132K [0x0000000700000000, 0x0000000800000000)
  region size 2048K, 8 young (16384K), 8 survivors (16384K)
 Metaspace       used 114674K, committed 115520K, reserved 1179648K
  class space    used 15640K, committed 16064K, reserved 1048576K
GC Heap History (20 events):
Event: 13.736 GC heap after
{Heap after GC invocations=38 (full 0):
 garbage-first heap   total 237568K, used 118138K [0x0000000700000000, 0x0000000800000000)
  region size 2048K, 6 young (12288K), 6 survivors (12288K)
 Metaspace       used 105201K, committed 106112K, reserved 1179648K
  class space    used 14624K, committed 15104K, reserved 1048576K
}
Event: 14.223 GC heap before
{Heap before GC invocations=38 (full 0):
 garbage-first heap   total 237568K, used 183674K [0x0000000700000000, 0x0000000800000000)
  region size 2048K, 39 young (79872K), 6 survivors (12288K)
 Metaspace       used 105508K, committed 106432K, reserved 1179648K
  class space    used 14646K, committed 15104K, reserved 1048576K
}
Event: 14.237 GC heap after
{Heap after GC invocations=39 (full 0):
 garbage-first heap   total 237568K, used 139017K [0x0000000700000000, 0x0000000800000000)
  region size 2048K, 5 young (10240K), 5 survivors (10240K)
 Metaspace       used 105508K, committed 106432K, reserved 1179648K
  class space    used 14646K, committed 15104K, reserved 1048576K
}
Event: 14.699 GC heap before
{Heap before GC invocations=39 (full 0):
 garbage-first heap   total 237568K, used 184073K [0x0000000700000000, 0x0000000800000000)
  region size 2048K, 28 young (57344K), 5 survivors (10240K)
 Metaspace       used 105863K, committed 106752K, reserved 1179648K
  class space    used 14676K, committed 15104K, reserved 1048576K
}
Event: 14.707 GC heap after
{Heap after GC invocations=40 (full 0):
 garbage-first heap   total 237568K, used 147453K [0x0000000700000000, 0x0000000800000000)
  region size 2048K, 4 young (8192K), 4 survivors (8192K)
 Metaspace       used 105863K, committed 106752K, reserved 1179648K
  class space    used 14676K, committed 15104K, reserved 1048576K
}
Event: 15.150 GC heap before
{Heap before GC invocations=41 (full 0):
 garbage-first heap   total 266240K, used 215037K [0x0000000700000000, 0x0000000800000000)
  region size 2048K, 23 young (47104K), 4 survivors (8192K)
 Metaspace       used 106206K, committed 107136K, reserved 1179648K
  class space    used 14704K, committed 15168K, reserved 1048576K
}
Event: 15.158 GC heap after
{Heap after GC invocations=42 (full 0):
 garbage-first heap   total 266240K, used 150623K [0x0000000700000000, 0x0000000800000000)
  region size 2048K, 2 young (4096K), 2 survivors (4096K)
 Metaspace       used 106206K, committed 107136K, reserved 1179648K
  class space    used 14704K, committed 15168K, reserved 1048576K
}
Event: 15.173 GC heap before
{Heap before GC invocations=42 (full 0):
 garbage-first heap   total 266240K, used 156767K [0x0000000700000000, 0x0000000800000000)
  region size 2048K, 6 young (12288K), 2 survivors (4096K)
 Metaspace       used 106234K, committed 107136K, reserved 1179648K
  class space    used 14707K, committed 15168K, reserved 1048576K
}
Event: 15.176 GC heap after
{Heap after GC invocations=43 (full 0):
 garbage-first heap   total 319488K, used 151363K [0x0000000700000000, 0x0000000800000000)
  region size 2048K, 1 young (2048K), 1 survivors (2048K)
 Metaspace       used 106234K, committed 107136K, reserved 1179648K
  class space    used 14707K, committed 15168K, reserved 1048576K
}
Event: 15.524 GC heap before
{Heap before GC invocations=43 (full 0):
 garbage-first heap   total 319488K, used 249667K [0x0000000700000000, 0x0000000800000000)
  region size 2048K, 50 young (102400K), 1 survivors (2048K)
 Metaspace       used 109705K, committed 110528K, reserved 1179648K
  class space    used 15036K, committed 15424K, reserved 1048576K
}
Event: 15.531 GC heap after
{Heap after GC invocations=44 (full 0):
 garbage-first heap   total 319488K, used 163022K [0x0000000700000000, 0x0000000800000000)
  region size 2048K, 7 young (14336K), 7 survivors (14336K)
 Metaspace       used 109705K, committed 110528K, reserved 1179648K
  class space    used 15036K, committed 15424K, reserved 1048576K
}
Event: 15.744 GC heap before
{Heap before GC invocations=45 (full 0):
 garbage-first heap   total 319488K, used 240846K [0x0000000700000000, 0x0000000800000000)
  region size 2048K, 50 young (102400K), 7 survivors (14336K)
 Metaspace       used 110477K, committed 111296K, reserved 1179648K
  class space    used 15102K, committed 15488K, reserved 1048576K
}
Event: 15.751 GC heap after
{Heap after GC invocations=46 (full 0):
 garbage-first heap   total 319488K, used 155341K [0x0000000700000000, 0x0000000800000000)
  region size 2048K, 3 young (6144K), 3 survivors (6144K)
 Metaspace       used 110477K, committed 111296K, reserved 1179648K
  class space    used 15102K, committed 15488K, reserved 1048576K
}
Event: 15.770 GC heap before
{Heap before GC invocations=46 (full 0):
 garbage-first heap   total 319488K, used 163533K [0x0000000700000000, 0x0000000800000000)
  region size 2048K, 7 young (14336K), 3 survivors (6144K)
 Metaspace       used 110652K, committed 111488K, reserved 1179648K
  class space    used 15123K, committed 15552K, reserved 1048576K
}
Event: 15.774 GC heap after
{Heap after GC invocations=47 (full 0):
 garbage-first heap   total 319488K, used 131834K [0x0000000700000000, 0x0000000800000000)
  region size 2048K, 1 young (2048K), 1 survivors (2048K)
 Metaspace       used 110652K, committed 111488K, reserved 1179648K
  class space    used 15123K, committed 15552K, reserved 1048576K
}
Event: 16.395 GC heap before
{Heap before GC invocations=47 (full 0):
 garbage-first heap   total 319488K, used 240378K [0x0000000700000000, 0x0000000800000000)
  region size 2048K, 55 young (112640K), 1 survivors (2048K)
 Metaspace       used 113108K, committed 113984K, reserved 1179648K
  class space    used 15410K, committed 15872K, reserved 1048576K
}
Event: 16.401 GC heap after
{Heap after GC invocations=48 (full 0):
 garbage-first heap   total 319488K, used 137334K [0x0000000700000000, 0x0000000800000000)
  region size 2048K, 4 young (8192K), 4 survivors (8192K)
 Metaspace       used 113108K, committed 113984K, reserved 1179648K
  class space    used 15410K, committed 15872K, reserved 1048576K
}
Event: 16.738 GC heap before
{Heap before GC invocations=48 (full 0):
 garbage-first heap   total 319488K, used 247926K [0x0000000700000000, 0x0000000800000000)
  region size 2048K, 59 young (120832K), 4 survivors (8192K)
 Metaspace       used 113886K, committed 114752K, reserved 1179648K
  class space    used 15509K, committed 15936K, reserved 1048576K
}
Event: 16.746 GC heap after
{Heap after GC invocations=49 (full 0):
 garbage-first heap   total 319488K, used 142803K [0x0000000700000000, 0x0000000800000000)
  region size 2048K, 7 young (14336K), 7 survivors (14336K)
 Metaspace       used 113886K, committed 114752K, reserved 1179648K
  class space    used 15509K, committed 15936K, reserved 1048576K
}
Event: 16.910 GC heap before
{Heap before GC invocations=49 (full 0):
 garbage-first heap   total 319488K, used 253395K [0x0000000700000000, 0x0000000800000000)
  region size 2048K, 61 young (124928K), 7 survivors (14336K)
 Metaspace       used 114674K, committed 115520K, reserved 1179648K
  class space    used 15640K, committed 16064K, reserved 1048576K
}

