# JRE version: OpenJDK Runtime Environment (17.0.9) (build 17.0.9+0--11185874)
# Java VM: OpenJDK 64-Bit Server VM (17.0.9+0--11185874, mixed mode, tiered, compressed oops, compressed class ptrs, g1 gc, windows-amd64)
GC Precious Log:
 CPUs: 12 total, 12 available
 Memory: 15182M
 Large Page Support: Disabled
 NUMA Support: Disabled
 Compressed Oops: Enabled (Zero based)
 Heap Region Size: 2M
 Heap Min Capacity: 8M
 Heap Initial Capacity: 238M
 Heap Max Capacity: 4G
 Pre-touch: Disabled
 Parallel Workers: 10
 Concurrent Workers: 3
 Concurrent Refinement Workers: 10
 Periodic GC: Disabled
Heap:
 garbage-first heap   total 743424K, used 405504K [0x0000000700000000, 0x0000000800000000)
  region size 2048K, 14 young (28672K), 14 survivors (28672K)
 Metaspace       used 116325K, committed 117184K, reserved 1179648K
  class space    used 16531K, committed 16960K, reserved 1048576K
GC Heap History (20 events):
Event: 14.074 GC heap after
{Heap after GC invocations=38 (full 0):
 garbage-first heap   total 229376K, used 116538K [0x0000000700000000, 0x0000000800000000)
  region size 2048K, 4 young (8192K), 4 survivors (8192K)
 Metaspace       used 104412K, committed 105216K, reserved 1179648K
  class space    used 14552K, committed 14976K, reserved 1048576K
}
Event: 14.241 GC heap before
{Heap before GC invocations=38 (full 0):
 garbage-first heap   total 229376K, used 186170K [0x0000000700000000, 0x0000000800000000)
  region size 2048K, 38 young (77824K), 4 survivors (8192K)
 Metaspace       used 105269K, committed 106112K, reserved 1179648K
  class space    used 14689K, committed 15104K, reserved 1048576K
}
Event: 14.248 GC heap after
{Heap after GC invocations=39 (full 0):
 garbage-first heap   total 337920K, used 127330K [0x0000000700000000, 0x0000000800000000)
  region size 2048K, 5 young (10240K), 5 survivors (10240K)
 Metaspace       used 105269K, committed 106112K, reserved 1179648K
  class space    used 14689K, committed 15104K, reserved 1048576K
}
Event: 14.328 GC heap before
{Heap before GC invocations=39 (full 0):
 garbage-first heap   total 337920K, used 266594K [0x0000000700000000, 0x0000000800000000)
  region size 2048K, 74 young (151552K), 5 survivors (10240K)
 Metaspace       used 105920K, committed 106752K, reserved 1179648K
  class space    used 14763K, committed 15168K, reserved 1048576K
}
Event: 14.336 GC heap after
{Heap after GC invocations=40 (full 0):
 garbage-first heap   total 337920K, used 157351K [0x0000000700000000, 0x0000000800000000)
  region size 2048K, 10 young (20480K), 10 survivors (20480K)
 Metaspace       used 105920K, committed 106752K, reserved 1179648K
  class space    used 14763K, committed 15168K, reserved 1048576K
}
Event: 14.449 GC heap before
{Heap before GC invocations=40 (full 0):
 garbage-first heap   total 337920K, used 257703K [0x0000000700000000, 0x0000000800000000)
  region size 2048K, 60 young (122880K), 10 survivors (20480K)
 Metaspace       used 106642K, committed 107456K, reserved 1179648K
  class space    used 14897K, committed 15296K, reserved 1048576K
}
Event: 14.457 GC heap after
{Heap after GC invocations=41 (full 0):
 garbage-first heap   total 337920K, used 182258K [0x0000000700000000, 0x0000000800000000)
  region size 2048K, 8 young (16384K), 8 survivors (16384K)
 Metaspace       used 106642K, committed 107456K, reserved 1179648K
  class space    used 14897K, committed 15296K, reserved 1048576K
}
Event: 14.608 GC heap before
{Heap before GC invocations=41 (full 0):
 garbage-first heap   total 337920K, used 262130K [0x0000000700000000, 0x0000000800000000)
  region size 2048K, 48 young (98304K), 8 survivors (16384K)
 Metaspace       used 108329K, committed 109120K, reserved 1179648K
  class space    used 15178K, committed 15552K, reserved 1048576K
}
Event: 14.614 GC heap after
{Heap after GC invocations=42 (full 0):
 garbage-first heap   total 337920K, used 203223K [0x0000000700000000, 0x0000000800000000)
  region size 2048K, 6 young (12288K), 6 survivors (12288K)
 Metaspace       used 108329K, committed 109120K, reserved 1179648K
  class space    used 15178K, committed 15552K, reserved 1048576K
}
Event: 14.754 GC heap before
{Heap before GC invocations=43 (full 0):
 garbage-first heap   total 399360K, used 266711K [0x0000000700000000, 0x0000000800000000)
  region size 2048K, 37 young (75776K), 6 survivors (12288K)
 Metaspace       used 109442K, committed 110272K, reserved 1179648K
  class space    used 15380K, committed 15808K, reserved 1048576K
}
Event: 14.761 GC heap after
{Heap after GC invocations=44 (full 0):
 garbage-first heap   total 399360K, used 220044K [0x0000000700000000, 0x0000000800000000)
  region size 2048K, 5 young (10240K), 5 survivors (10240K)
 Metaspace       used 109442K, committed 110272K, reserved 1179648K
  class space    used 15380K, committed 15808K, reserved 1048576K
}
Event: 14.790 GC heap before
{Heap before GC invocations=44 (full 0):
 garbage-first heap   total 399360K, used 228236K [0x0000000700000000, 0x0000000800000000)
  region size 2048K, 9 young (18432K), 5 survivors (10240K)
 Metaspace       used 109461K, committed 110336K, reserved 1179648K
  class space    used 15380K, committed 15808K, reserved 1048576K
}
Event: 14.798 GC heap after
{Heap after GC invocations=45 (full 0):
 garbage-first heap   total 743424K, used 220933K [0x0000000700000000, 0x0000000800000000)
  region size 2048K, 2 young (4096K), 2 survivors (4096K)
 Metaspace       used 109461K, committed 110336K, reserved 1179648K
  class space    used 15380K, committed 15808K, reserved 1048576K
}
Event: 15.210 GC heap before
{Heap before GC invocations=45 (full 0):
 garbage-first heap   total 743424K, used 511749K [0x0000000700000000, 0x0000000800000000)
  region size 2048K, 144 young (294912K), 2 survivors (4096K)
 Metaspace       used 112201K, committed 113024K, reserved 1179648K
  class space    used 15810K, committed 16192K, reserved 1048576K
}
Event: 15.241 GC heap after
{Heap after GC invocations=46 (full 0):
 garbage-first heap   total 743424K, used 282624K [0x0000000700000000, 0x0000000800000000)
  region size 2048K, 18 young (36864K), 18 survivors (36864K)
 Metaspace       used 112201K, committed 113024K, reserved 1179648K
  class space    used 15810K, committed 16192K, reserved 1048576K
}
Event: 15.421 GC heap before
{Heap before GC invocations=46 (full 0):
 garbage-first heap   total 743424K, used 512000K [0x0000000700000000, 0x0000000800000000)
  region size 2048K, 131 young (268288K), 18 survivors (36864K)
 Metaspace       used 113505K, committed 114304K, reserved 1179648K
  class space    used 15973K, committed 16384K, reserved 1048576K
}
Event: 15.461 GC heap after
{Heap after GC invocations=47 (full 0):
 garbage-first heap   total 743424K, used 327021K [0x0000000700000000, 0x0000000800000000)
  region size 2048K, 17 young (34816K), 17 survivors (34816K)
 Metaspace       used 113505K, committed 114304K, reserved 1179648K
  class space    used 15973K, committed 16384K, reserved 1048576K
}
Event: 15.657 GC heap before
{Heap before GC invocations=47 (full 0):
 garbage-first heap   total 743424K, used 537965K [0x0000000700000000, 0x0000000800000000)
  region size 2048K, 121 young (247808K), 17 survivors (34816K)
 Metaspace       used 115628K, committed 116480K, reserved 1179648K
  class space    used 16410K, committed 16832K, reserved 1048576K
}
Event: 15.693 GC heap after
{Heap after GC invocations=48 (full 0):
 garbage-first heap   total 743424K, used 368139K [0x0000000700000000, 0x0000000800000000)
  region size 2048K, 16 young (32768K), 16 survivors (32768K)
 Metaspace       used 115628K, committed 116480K, reserved 1179648K
  class space    used 16410K, committed 16832K, reserved 1048576K
}
Event: 15.828 GC heap before
{Heap before GC invocations=48 (full 0):
 garbage-first heap   total 743424K, used 564747K [0x0000000700000000, 0x0000000800000000)
  region size 2048K, 112 young (229376K), 16 survivors (32768K)
 Metaspace       used 116325K, committed 117184K, reserved 1179648K
  class space    used 16531K, committed 16960K, reserved 1048576K
}

