# JRE version: Java(TM) SE Runtime Environment (21.0.1+12) (build 21.0.1+12-LTS-29)
# Java VM: Java HotSpot(TM) 64-Bit Server VM (21.0.1+12-LTS-29, mixed mode, sharing, tiered, compressed oops, compressed class ptrs, g1 gc, windows-amd64)
GC Precious Log:
 CardTable entry size: 512
 Card Set container configuration: InlinePtr #cards 4 size 8 Array Of Cards #cards 16 size 48 Howl #buckets 8 coarsen threshold 3686 Howl Bitmap #cards 512 size 80 coarsen threshold 460 Card regions per heap region 1 cards per card region 4096
 CPUs: 12 total, 12 available
 Memory: 15182M
 Large Page Support: Disabled
 NUMA Support: Disabled
 Compressed Oops: Enabled (Zero based)
 Heap Region Size: 2M
 Heap Min Capacity: 8M
 Heap Initial Capacity: 238M
 Heap Max Capacity: 4G
 Pre-touch: Disabled
 Parallel Workers: 10
 Concurrent Workers: 3
 Concurrent Refinement Workers: 10
 Periodic GC: Disabled
Heap:
 garbage-first heap   total 735232K, used 437797K [0x0000000700000000, 0x0000000800000000)
  region size 2048K, 15 young (30720K), 15 survivors (30720K)
 Metaspace       used 168572K, committed 171264K, reserved 1245184K
  class space    used 22279K, committed 23616K, reserved 1048576K
GC Heap History (20 events):
Event: 90.642 GC heap after
{Heap after GC invocations=41 (full 0):
 garbage-first heap   total 331776K, used 180839K [0x0000000700000000, 0x0000000800000000)
  region size 2048K, 5 young (10240K), 5 survivors (10240K)
 Metaspace       used 157584K, committed 160256K, reserved 1245184K
  class space    used 20520K, committed 21824K, reserved 1048576K
}
Event: 91.633 GC heap before
{Heap before GC invocations=41 (full 0):
 garbage-first heap   total 331776K, used 299623K [0x0000000700000000, 0x0000000800000000)
  region size 2048K, 64 young (131072K), 5 survivors (10240K)
 Metaspace       used 158491K, committed 161152K, reserved 1245184K
  class space    used 20651K, committed 21952K, reserved 1048576K
}
Event: 91.646 GC heap after
{Heap after GC invocations=42 (full 0):
 garbage-first heap   total 331776K, used 169156K [0x0000000700000000, 0x0000000800000000)
  region size 2048K, 7 young (14336K), 7 survivors (14336K)
 Metaspace       used 158491K, committed 161152K, reserved 1245184K
  class space    used 20651K, committed 21952K, reserved 1048576K
}
Event: 91.880 GC heap before
{Heap before GC invocations=42 (full 0):
 garbage-first heap   total 331776K, used 240836K [0x0000000700000000, 0x0000000800000000)
  region size 2048K, 44 young (90112K), 7 survivors (14336K)
 Metaspace       used 159209K, committed 161856K, reserved 1245184K
  class space    used 20755K, committed 22080K, reserved 1048576K
}
Event: 91.890 GC heap after
{Heap after GC invocations=43 (full 0):
 garbage-first heap   total 331776K, used 179563K [0x0000000700000000, 0x0000000800000000)
  region size 2048K, 9 young (18432K), 9 survivors (18432K)
 Metaspace       used 159209K, committed 161856K, reserved 1245184K
  class space    used 20755K, committed 22080K, reserved 1048576K
}
Event: 91.988 GC heap before
{Heap before GC invocations=43 (full 0):
 garbage-first heap   total 331776K, used 294251K [0x0000000700000000, 0x0000000800000000)
  region size 2048K, 65 young (133120K), 9 survivors (18432K)
 Metaspace       used 159481K, committed 162112K, reserved 1245184K
  class space    used 20789K, committed 22080K, reserved 1048576K
}
Event: 92.001 GC heap after
{Heap after GC invocations=44 (full 0):
 garbage-first heap   total 342016K, used 208111K [0x0000000700000000, 0x0000000800000000)
  region size 2048K, 9 young (18432K), 9 survivors (18432K)
 Metaspace       used 159481K, committed 162112K, reserved 1245184K
  class space    used 20789K, committed 22080K, reserved 1048576K
}
Event: 92.166 GC heap before
{Heap before GC invocations=45 (full 0):
 garbage-first heap   total 366592K, used 300271K [0x0000000700000000, 0x0000000800000000)
  region size 2048K, 55 young (112640K), 9 survivors (18432K)
 Metaspace       used 160162K, committed 162816K, reserved 1245184K
  class space    used 20884K, committed 22208K, reserved 1048576K
}
Event: 92.175 GC heap after
{Heap after GC invocations=46 (full 0):
 garbage-first heap   total 366592K, used 231243K [0x0000000700000000, 0x0000000800000000)
  region size 2048K, 7 young (14336K), 7 survivors (14336K)
 Metaspace       used 160162K, committed 162816K, reserved 1245184K
  class space    used 20884K, committed 22208K, reserved 1048576K
}
Event: 92.346 GC heap before
{Heap before GC invocations=46 (full 0):
 garbage-first heap   total 366592K, used 323403K [0x0000000700000000, 0x0000000800000000)
  region size 2048K, 53 young (108544K), 7 survivors (14336K)
 Metaspace       used 161637K, committed 164224K, reserved 1245184K
  class space    used 21130K, committed 22400K, reserved 1048576K
}
Event: 92.361 GC heap after
{Heap after GC invocations=47 (full 0):
 garbage-first heap   total 509952K, used 253289K [0x0000000700000000, 0x0000000800000000)
  region size 2048K, 7 young (14336K), 7 survivors (14336K)
 Metaspace       used 161637K, committed 164224K, reserved 1245184K
  class space    used 21130K, committed 22400K, reserved 1048576K
}
Event: 92.636 GC heap before
{Heap before GC invocations=47 (full 0):
 garbage-first heap   total 509952K, used 433513K [0x0000000700000000, 0x0000000800000000)
  region size 2048K, 96 young (196608K), 7 survivors (14336K)
 Metaspace       used 163862K, committed 166528K, reserved 1245184K
  class space    used 21448K, committed 22784K, reserved 1048576K
}
Event: 92.654 GC heap after
{Heap after GC invocations=48 (full 0):
 garbage-first heap   total 509952K, used 294912K [0x0000000700000000, 0x0000000800000000)
  region size 2048K, 12 young (24576K), 12 survivors (24576K)
 Metaspace       used 163862K, committed 166528K, reserved 1245184K
  class space    used 21448K, committed 22784K, reserved 1048576K
}
Event: 92.804 GC heap before
{Heap before GC invocations=48 (full 0):
 garbage-first heap   total 509952K, used 434176K [0x0000000700000000, 0x0000000800000000)
  region size 2048K, 81 young (165888K), 12 survivors (24576K)
 Metaspace       used 164737K, committed 167424K, reserved 1245184K
  class space    used 21598K, committed 22912K, reserved 1048576K
}
Event: 92.828 GC heap after
{Heap after GC invocations=49 (full 0):
 garbage-first heap   total 509952K, used 326753K [0x0000000700000000, 0x0000000800000000)
  region size 2048K, 11 young (22528K), 11 survivors (22528K)
 Metaspace       used 164737K, committed 167424K, reserved 1245184K
  class space    used 21598K, committed 22912K, reserved 1048576K
}
Event: 93.024 GC heap before
{Heap before GC invocations=49 (full 0):
 garbage-first heap   total 735232K, used 447585K [0x0000000700000000, 0x0000000800000000)
  region size 2048K, 70 young (143360K), 11 survivors (22528K)
 Metaspace       used 165536K, committed 168192K, reserved 1245184K
  class space    used 21735K, committed 23040K, reserved 1048576K
}
Event: 93.053 GC heap after
{Heap after GC invocations=50 (full 0):
 garbage-first heap   total 735232K, used 356125K [0x0000000700000000, 0x0000000800000000)
  region size 2048K, 9 young (18432K), 9 survivors (18432K)
 Metaspace       used 165536K, committed 168192K, reserved 1245184K
  class space    used 21735K, committed 23040K, reserved 1048576K
}
Event: 93.364 GC heap before
{Heap before GC invocations=51 (full 0):
 garbage-first heap   total 735232K, used 583453K [0x0000000700000000, 0x0000000800000000)
  region size 2048K, 121 young (247808K), 9 survivors (18432K)
 Metaspace       used 166674K, committed 169344K, reserved 1245184K
  class space    used 21898K, committed 23232K, reserved 1048576K
}
Event: 93.398 GC heap after
{Heap after GC invocations=52 (full 0):
 garbage-first heap   total 735232K, used 400547K [0x0000000700000000, 0x0000000800000000)
  region size 2048K, 16 young (32768K), 16 survivors (32768K)
 Metaspace       used 166674K, committed 169344K, reserved 1245184K
  class space    used 21898K, committed 23232K, reserved 1048576K
}
Event: 93.579 GC heap before
{Heap before GC invocations=52 (full 0):
 garbage-first heap   total 735232K, used 611491K [0x0000000700000000, 0x0000000800000000)
  region size 2048K, 119 young (243712K), 16 survivors (32768K)
 Metaspace       used 168572K, committed 171264K, reserved 1245184K
  class space    used 22279K, committed 23616K, reserved 1048576K
}

