# JRE version: Java(TM) SE Runtime Environment (21.0.1+12) (build 21.0.1+12-LTS-29)
# Java VM: Java HotSpot(TM) 64-Bit Server VM (21.0.1+12-LTS-29, mixed mode, sharing, tiered, compressed oops, compressed class ptrs, g1 gc, windows-amd64)
GC Precious Log:
 CardTable entry size: 512
 Card Set container configuration: InlinePtr #cards 4 size 8 Array Of Cards #cards 16 size 48 Howl #buckets 8 coarsen threshold 3686 Howl Bitmap #cards 512 size 80 coarsen threshold 460 Card regions per heap region 1 cards per card region 4096
 CPUs: 12 total, 12 available
 Memory: 15182M
 Large Page Support: Disabled
 NUMA Support: Disabled
 Compressed Oops: Enabled (Zero based)
 Heap Region Size: 2M
 Heap Min Capacity: 8M
 Heap Initial Capacity: 238M
 Heap Max Capacity: 4G
 Pre-touch: Disabled
 Parallel Workers: 10
 Concurrent Workers: 3
 Concurrent Refinement Workers: 10
 Periodic GC: Disabled
Heap:
 garbage-first heap   total 522240K, used 294208K [0x0000000700000000, 0x0000000800000000)
  region size 2048K, 12 young (24576K), 12 survivors (24576K)
 Metaspace       used 102849K, committed 105088K, reserved 1179648K
  class space    used 14639K, committed 15744K, reserved 1048576K
GC Heap History (20 events):
Event: 12.137 GC heap after
{Heap after GC invocations=24 (full 0):
 garbage-first heap   total 184320K, used 98649K [0x0000000700000000, 0x0000000800000000)
  region size 2048K, 5 young (10240K), 5 survivors (10240K)
 Metaspace       used 92392K, committed 94592K, reserved 1179648K
  class space    used 13141K, committed 14208K, reserved 1048576K
}
Event: 12.353 GC heap before
{Heap before GC invocations=25 (full 0):
 garbage-first heap   total 184320K, used 162137K [0x0000000700000000, 0x0000000800000000)
  region size 2048K, 36 young (73728K), 5 survivors (10240K)
 Metaspace       used 93196K, committed 95360K, reserved 1179648K
  class space    used 13335K, committed 14400K, reserved 1048576K
}
Event: 12.361 GC heap after
{Heap after GC invocations=26 (full 0):
 garbage-first heap   total 184320K, used 105310K [0x0000000700000000, 0x0000000800000000)
  region size 2048K, 4 young (8192K), 4 survivors (8192K)
 Metaspace       used 93196K, committed 95360K, reserved 1179648K
  class space    used 13335K, committed 14400K, reserved 1048576K
}
Event: 12.624 GC heap before
{Heap before GC invocations=26 (full 0):
 garbage-first heap   total 184320K, used 160606K [0x0000000700000000, 0x0000000800000000)
  region size 2048K, 32 young (65536K), 4 survivors (8192K)
 Metaspace       used 93613K, committed 95808K, reserved 1179648K
  class space    used 13371K, committed 14464K, reserved 1048576K
}
Event: 12.629 GC heap after
{Heap after GC invocations=27 (full 0):
 garbage-first heap   total 184320K, used 108674K [0x0000000700000000, 0x0000000800000000)
  region size 2048K, 3 young (6144K), 3 survivors (6144K)
 Metaspace       used 93613K, committed 95808K, reserved 1179648K
  class space    used 13371K, committed 14464K, reserved 1048576K
}
Event: 12.931 GC heap before
{Heap before GC invocations=27 (full 0):
 garbage-first heap   total 184320K, used 163970K [0x0000000700000000, 0x0000000800000000)
  region size 2048K, 31 young (63488K), 3 survivors (6144K)
 Metaspace       used 96041K, committed 98176K, reserved 1179648K
  class space    used 13568K, committed 14656K, reserved 1048576K
}
Event: 12.938 GC heap after
{Heap after GC invocations=28 (full 0):
 garbage-first heap   total 184320K, used 114313K [0x0000000700000000, 0x0000000800000000)
  region size 2048K, 4 young (8192K), 4 survivors (8192K)
 Metaspace       used 96041K, committed 98176K, reserved 1179648K
  class space    used 13568K, committed 14656K, reserved 1048576K
}
Event: 13.065 GC heap before
{Heap before GC invocations=29 (full 0):
 garbage-first heap   total 225280K, used 159369K [0x0000000700000000, 0x0000000800000000)
  region size 2048K, 27 young (55296K), 4 survivors (8192K)
 Metaspace       used 96076K, committed 98304K, reserved 1179648K
  class space    used 13567K, committed 14656K, reserved 1048576K
}
Event: 13.072 GC heap after
{Heap after GC invocations=30 (full 0):
 garbage-first heap   total 225280K, used 117393K [0x0000000700000000, 0x0000000800000000)
  region size 2048K, 3 young (6144K), 3 survivors (6144K)
 Metaspace       used 96076K, committed 98304K, reserved 1179648K
  class space    used 13567K, committed 14656K, reserved 1048576K
}
Event: 13.208 GC heap before
{Heap before GC invocations=30 (full 0):
 garbage-first heap   total 225280K, used 201361K [0x0000000700000000, 0x0000000800000000)
  region size 2048K, 44 young (90112K), 3 survivors (6144K)
 Metaspace       used 96837K, committed 99008K, reserved 1179648K
  class space    used 13695K, committed 14784K, reserved 1048576K
}
Event: 13.217 GC heap after
{Heap after GC invocations=31 (full 0):
 garbage-first heap   total 370688K, used 132317K [0x0000000700000000, 0x0000000800000000)
  region size 2048K, 6 young (12288K), 6 survivors (12288K)
 Metaspace       used 96837K, committed 99008K, reserved 1179648K
  class space    used 13695K, committed 14784K, reserved 1048576K
}
Event: 13.381 GC heap before
{Heap before GC invocations=31 (full 0):
 garbage-first heap   total 370688K, used 318685K [0x0000000700000000, 0x0000000800000000)
  region size 2048K, 98 young (200704K), 6 survivors (12288K)
 Metaspace       used 98032K, committed 100224K, reserved 1179648K
  class space    used 13863K, committed 14976K, reserved 1048576K
}
Event: 13.393 GC heap after
{Heap after GC invocations=32 (full 0):
 garbage-first heap   total 376832K, used 174864K [0x0000000700000000, 0x0000000800000000)
  region size 2048K, 13 young (26624K), 13 survivors (26624K)
 Metaspace       used 98032K, committed 100224K, reserved 1179648K
  class space    used 13863K, committed 14976K, reserved 1048576K
}
Event: 13.615 GC heap before
{Heap before GC invocations=32 (full 0):
 garbage-first heap   total 376832K, used 305936K [0x0000000700000000, 0x0000000800000000)
  region size 2048K, 78 young (159744K), 13 survivors (26624K)
 Metaspace       used 100089K, committed 102272K, reserved 1179648K
  class space    used 14217K, committed 15296K, reserved 1048576K
}
Event: 13.627 GC heap after
{Heap after GC invocations=33 (full 0):
 garbage-first heap   total 376832K, used 210897K [0x0000000700000000, 0x0000000800000000)
  region size 2048K, 10 young (20480K), 10 survivors (20480K)
 Metaspace       used 100089K, committed 102272K, reserved 1179648K
  class space    used 14217K, committed 15296K, reserved 1048576K
}
Event: 13.770 GC heap before
{Heap before GC invocations=33 (full 0):
 garbage-first heap   total 376832K, used 321489K [0x0000000700000000, 0x0000000800000000)
  region size 2048K, 64 young (131072K), 10 survivors (20480K)
 Metaspace       used 101391K, committed 103552K, reserved 1179648K
  class space    used 14379K, committed 15488K, reserved 1048576K
}
Event: 13.782 GC heap after
{Heap after GC invocations=34 (full 0):
 garbage-first heap   total 376832K, used 239211K [0x0000000700000000, 0x0000000800000000)
  region size 2048K, 8 young (16384K), 8 survivors (16384K)
 Metaspace       used 101391K, committed 103552K, reserved 1179648K
  class space    used 14379K, committed 15488K, reserved 1048576K
}
Event: 13.912 GC heap before
{Heap before GC invocations=35 (full 0):
 garbage-first heap   total 522240K, used 329323K [0x0000000700000000, 0x0000000800000000)
  region size 2048K, 52 young (106496K), 8 survivors (16384K)
 Metaspace       used 101742K, committed 104000K, reserved 1179648K
  class space    used 14428K, committed 15552K, reserved 1048576K
}
Event: 13.926 GC heap after
{Heap after GC invocations=36 (full 0):
 garbage-first heap   total 522240K, used 260644K [0x0000000700000000, 0x0000000800000000)
  region size 2048K, 7 young (14336K), 7 survivors (14336K)
 Metaspace       used 101742K, committed 104000K, reserved 1179648K
  class space    used 14428K, committed 15552K, reserved 1048576K
}
Event: 14.071 GC heap before
{Heap before GC invocations=36 (full 0):
 garbage-first heap   total 522240K, used 428580K [0x0000000700000000, 0x0000000800000000)
  region size 2048K, 90 young (184320K), 7 survivors (14336K)
 Metaspace       used 102849K, committed 105088K, reserved 1179648K
  class space    used 14639K, committed 15744K, reserved 1048576K
}

